Determining if the pthread_create exist failed with the following output:
Change Dir: /home/dhash/research/ROS/src/rssi_dir/CMakeFiles/CMakeTmp

Run Build Command:"/usr/bin/make" "cmTC_fd1c3/fast"
/usr/bin/make -f CMakeFiles/cmTC_fd1c3.dir/build.make CMakeFiles/cmTC_fd1c3.dir/build
make[1]: Entering directory '/home/dhash/research/ROS/src/rssi_dir/CMakeFiles/CMakeTmp'
Building C object CMakeFiles/cmTC_fd1c3.dir/CheckSymbolExists.c.o
/usr/bin/cc     -o CMakeFiles/cmTC_fd1c3.dir/CheckSymbolExists.c.o   -c /home/dhash/research/ROS/src/rssi_dir/CMakeFiles/CMakeTmp/CheckSymbolExists.c
Linking C executable cmTC_fd1c3
/usr/bin/cmake -E cmake_link_script CMakeFiles/cmTC_fd1c3.dir/link.txt --verbose=1
/usr/bin/cc       CMakeFiles/cmTC_fd1c3.dir/CheckSymbolExists.c.o  -o cmTC_fd1c3 -rdynamic 
CMakeFiles/cmTC_fd1c3.dir/CheckSymbolExists.c.o: In function `main':
CheckSymbolExists.c:(.text+0x16): undefined reference to `pthread_create'
collect2: error: ld returned 1 exit status
CMakeFiles/cmTC_fd1c3.dir/build.make:97: recipe for target 'cmTC_fd1c3' failed
make[1]: *** [cmTC_fd1c3] Error 1
make[1]: Leaving directory '/home/dhash/research/ROS/src/rssi_dir/CMakeFiles/CMakeTmp'
Makefile:126: recipe for target 'cmTC_fd1c3/fast' failed
make: *** [cmTC_fd1c3/fast] Error 2

File /home/dhash/research/ROS/src/rssi_dir/CMakeFiles/CMakeTmp/CheckSymbolExists.c:
/* */
#include <pthread.h>

int main(int argc, char** argv)
{
  (void)argv;
#ifndef pthread_create
  return ((int*)(&pthread_create))[argc];
#else
  (void)argc;
  return 0;
#endif
}

Determining if the function pthread_create exists in the pthreads failed with the following output:
Change Dir: /home/dhash/research/ROS/src/rssi_dir/CMakeFiles/CMakeTmp

Run Build Command:"/usr/bin/make" "cmTC_96d9c/fast"
/usr/bin/make -f CMakeFiles/cmTC_96d9c.dir/build.make CMakeFiles/cmTC_96d9c.dir/build
make[1]: Entering directory '/home/dhash/research/ROS/src/rssi_dir/CMakeFiles/CMakeTmp'
Building C object CMakeFiles/cmTC_96d9c.dir/CheckFunctionExists.c.o
/usr/bin/cc    -DCHECK_FUNCTION_EXISTS=pthread_create   -o CMakeFiles/cmTC_96d9c.dir/CheckFunctionExists.c.o   -c /usr/share/cmake-3.5/Modules/CheckFunctionExists.c
Linking C executable cmTC_96d9c
/usr/bin/cmake -E cmake_link_script CMakeFiles/cmTC_96d9c.dir/link.txt --verbose=1
/usr/bin/cc   -DCHECK_FUNCTION_EXISTS=pthread_create    CMakeFiles/cmTC_96d9c.dir/CheckFunctionExists.c.o  -o cmTC_96d9c -rdynamic -lpthreads 
/usr/bin/ld: cannot find -lpthreads
collect2: error: ld returned 1 exit status
CMakeFiles/cmTC_96d9c.dir/build.make:97: recipe for target 'cmTC_96d9c' failed
make[1]: *** [cmTC_96d9c] Error 1
make[1]: Leaving directory '/home/dhash/research/ROS/src/rssi_dir/CMakeFiles/CMakeTmp'
Makefile:126: recipe for target 'cmTC_96d9c/fast' failed
make: *** [cmTC_96d9c/fast] Error 2


